22-04-2023 12:10:12 EmployeeRestController.java INFO [http-nio-9191-exec-1] controller.EmployeeRestController 25 - Getmapping called
22-04-2023 12:10:13 EmployeeServiceImpl.java INFO [http-nio-9191-exec-1] service.EmployeeServiceImpl 31 - Employee Details Shown successfully!
22-04-2023 12:10:28 EmployeeRestController.java INFO [http-nio-9191-exec-3] controller.EmployeeRestController 25 - Getmapping called
22-04-2023 12:10:28 EmployeeServiceImpl.java ERROR [http-nio-9191-exec-3] service.EmployeeServiceImpl 28 - Invalid EmployeeID
22-04-2023 12:11:51 EmployeeRestController.java INFO [http-nio-9191-exec-5] controller.EmployeeRestController 25 - Getmapping called
22-04-2023 12:11:51 EmployeeServiceImpl.java INFO [http-nio-9191-exec-5] service.EmployeeServiceImpl 31 - Employee Details Shown successfully!
22-04-2023 12:55:31 EmployeeRestController.java INFO [http-nio-9191-exec-1] controller.EmployeeRestController 25 - Getmapping called
22-04-2023 12:55:31 EmployeeServiceImpl.java INFO [http-nio-9191-exec-1] service.EmployeeServiceImpl 31 - Employee Details Shown successfully!
22-04-2023 15:28:38 EmployeeRestController.java INFO [https-jsse-nio-9191-exec-3] controller.EmployeeRestController 25 - Getmapping called
22-04-2023 15:28:39 EmployeeServiceImpl.java INFO [https-jsse-nio-9191-exec-3] service.EmployeeServiceImpl 31 - Employee Details Shown successfully!
22-04-2023 15:40:49 EmployeeRestController.java INFO [https-jsse-nio-9191-exec-10] controller.EmployeeRestController 25 - Getmapping called
22-04-2023 15:40:50 EmployeeServiceImpl.java INFO [https-jsse-nio-9191-exec-10] service.EmployeeServiceImpl 31 - Employee Details Shown successfully!
22-04-2023 15:48:54 EmployeeRestController.java INFO [https-jsse-nio-9191-exec-7] controller.EmployeeRestController 25 - Getmapping called
22-04-2023 15:48:54 EmployeeServiceImpl.java INFO [https-jsse-nio-9191-exec-7] service.EmployeeServiceImpl 31 - Employee Details Shown successfully!
22-04-2023 15:49:38 EmployeeRestController.java INFO [https-jsse-nio-9191-exec-4] controller.EmployeeRestController 25 - Getmapping called
22-04-2023 15:49:38 EmployeeServiceImpl.java INFO [https-jsse-nio-9191-exec-4] service.EmployeeServiceImpl 31 - Employee Details Shown successfully!
22-04-2023 17:04:27 EmployeeRestController.java INFO [http-nio-9191-exec-2] controller.EmployeeRestController 25 - Getmapping called
22-04-2023 17:04:27 EmployeeServiceImpl.java INFO [http-nio-9191-exec-2] service.EmployeeServiceImpl 31 - Employee Details Shown successfully!
22-04-2023 17:32:41 EmployeeRestController.java INFO [https-jsse-nio-9191-exec-2] controller.EmployeeRestController 25 - Getmapping called
22-04-2023 17:32:42 EmployeeServiceImpl.java INFO [https-jsse-nio-9191-exec-2] service.EmployeeServiceImpl 31 - Employee Details Shown successfully!
22-04-2023 17:32:51 EmployeeRestController.java INFO [https-jsse-nio-9191-exec-1] controller.EmployeeRestController 25 - Getmapping called
22-04-2023 17:32:51 EmployeeServiceImpl.java INFO [https-jsse-nio-9191-exec-1] service.EmployeeServiceImpl 31 - Employee Details Shown successfully!
22-04-2023 17:32:59 EmployeeRestController.java INFO [https-jsse-nio-9191-exec-8] controller.EmployeeRestController 25 - Getmapping called
22-04-2023 17:32:59 EmployeeServiceImpl.java INFO [https-jsse-nio-9191-exec-8] service.EmployeeServiceImpl 31 - Employee Details Shown successfully!
24-04-2023 10:03:05 EmployeeRestController.java INFO [https-jsse-nio-9191-exec-6] controller.EmployeeRestController 25 - Getmapping called
24-04-2023 10:03:06 EmployeeServiceImpl.java INFO [https-jsse-nio-9191-exec-6] service.EmployeeServiceImpl 31 - Employee Details Shown successfully!
24-04-2023 12:23:04 EmployeeRestController.java INFO [https-jsse-nio-9191-exec-7] controller.EmployeeRestController 25 - Getmapping called
24-04-2023 12:23:05 EmployeeServiceImpl.java INFO [https-jsse-nio-9191-exec-7] service.EmployeeServiceImpl 31 - Employee Details Shown successfully!
